22:50:14|     |: Log File: maze-tool-mzdata-converter.log
22:50:14|     |: destFolder=.
22:50:14|     |: srcData=E:/prj/maze/tools/mzdata-converter/bin/GameObject00.mzshader
22:50:14|     |: XML Data
22:50:14|     |: collapseRootBlock=1
22:50:14|     |: lowerCaseBlockNameCapitalButton=1
22:50:14|     |: XML data successfully converted for 1.6ms
22:50:14|     |: srcData=E:/prj/maze/tools/mzdata-converter/bin/GameObject00_Emission.mzshader
22:50:14|     |: XML Data
22:50:14|     |: collapseRootBlock=1
22:50:14|     |: lowerCaseBlockNameCapitalButton=1
22:50:14|     |: XML data successfully converted for 1.6ms
22:50:14|     |: srcData=E:/prj/maze/tools/mzdata-converter/bin/GameObject00_Normal.mzshader
22:50:14|     |: XML Data
22:50:14|     |: collapseRootBlock=1
22:50:14|     |: lowerCaseBlockNameCapitalButton=1
22:50:14|     |: XML data successfully converted for 1.4ms
22:50:14|     |: srcData=E:/prj/maze/tools/mzdata-converter/bin/GameObject00_Normal_Specular.mzshader
22:50:14|     |: XML Data
22:50:14|     |: collapseRootBlock=1
22:50:14|     |: lowerCaseBlockNameCapitalButton=1
22:50:14|     |: XML data successfully converted for 1.3ms
22:50:14|     |: srcData=E:/prj/maze/tools/mzdata-converter/bin/GameObject00_Specular.mzshader
22:50:14|     |: XML Data
22:50:14|     |: collapseRootBlock=1
22:50:14|     |: lowerCaseBlockNameCapitalButton=1
22:50:14|     |: XML data successfully converted for 1.7ms
22:50:14|     |: srcData=E:/prj/maze/tools/mzdata-converter/bin/GameSky00.mzshader
22:50:14|     |: XML Data
22:50:14|     |: collapseRootBlock=1
22:50:14|     |: lowerCaseBlockNameCapitalButton=1
22:50:14|     |: XML data successfully converted for 2.1ms
22:50:14|     |: srcData=E:/prj/maze/tools/mzdata-converter/bin/MenuSky00.mzshader
22:50:14|     |: XML Data
22:50:14|     |: collapseRootBlock=1
22:50:14|     |: lowerCaseBlockNameCapitalButton=1
22:50:14|     |: XML data successfully converted for 1.8ms
22:50:14|     |: srcData=E:/prj/maze/tools/mzdata-converter/bin/Particle00.mzshader
22:50:14|     |: XML Data
22:50:14|     |: collapseRootBlock=1
22:50:14|     |: lowerCaseBlockNameCapitalButton=1
22:50:14|     |: XML data successfully converted for 2.2ms
22:50:14|     |: srcData=E:/prj/maze/tools/mzdata-converter/bin/PlayerShip00.mzshader
22:50:14|     |: XML Data
22:50:14|     |: collapseRootBlock=1
22:50:14|     |: lowerCaseBlockNameCapitalButton=1
22:50:14|     |: XML data successfully converted for 1.9ms
22:50:14|     |: srcData=E:/prj/maze/tools/mzdata-converter/bin/PostFX00.mzshader
22:50:14|     |: XML Data
22:50:14|     |: collapseRootBlock=1
22:50:14|     |: lowerCaseBlockNameCapitalButton=1
22:50:14|     |: XML data successfully converted for 2.7ms
22:50:14|     |: srcData=E:/prj/maze/tools/mzdata-converter/bin/Simple00.mzshader
22:50:14|     |: XML Data
22:50:14|     |: collapseRootBlock=1
22:50:14|     |: lowerCaseBlockNameCapitalButton=1
22:50:14|     |: XML data successfully converted for 1.8ms
22:50:14|     |: srcData=E:/prj/maze/tools/mzdata-converter/bin/SpriteOutline00.mzshader
22:50:14|     |: XML Data
22:50:14|     |: collapseRootBlock=1
22:50:14|     |: lowerCaseBlockNameCapitalButton=1
22:50:14|     |: XML data successfully converted for 2.8ms
22:50:14|     |: srcData=E:/prj/maze/tools/mzdata-converter/bin/Unlit00.mzshader
22:50:14|     |: XML Data
22:50:14|     |: collapseRootBlock=1
22:50:14|     |: lowerCaseBlockNameCapitalButton=1
22:50:14|     |: XML data successfully converted for 2.1ms
22:50:14|     |: srcData=E:/prj/maze/tools/mzdata-converter/bin/UnlitColor00.mzshader
22:50:14|     |: XML Data
22:50:14|     |: collapseRootBlock=1
22:50:14|     |: lowerCaseBlockNameCapitalButton=1
22:50:14|     |: XML data successfully converted for 2.6ms
22:50:14|     |: srcData=E:/prj/maze/tools/mzdata-converter/bin/BloomDownscale00.mzshader
22:50:14|     |: XML Data
22:50:14|     |: collapseRootBlock=1
22:50:14|     |: lowerCaseBlockNameCapitalButton=1
22:50:14|     |: XML data successfully converted for 1.9ms
22:50:14|     |: srcData=E:/prj/maze/tools/mzdata-converter/bin/BloomFinalPass00.mzshader
22:50:14|     |: XML Data
22:50:14|     |: collapseRootBlock=1
22:50:14|     |: lowerCaseBlockNameCapitalButton=1
22:50:14|     |: XML data successfully converted for 2.0ms
22:50:14|     |: srcData=E:/prj/maze/tools/mzdata-converter/bin/BloomFirstPass00.mzshader
22:50:14|     |: XML Data
22:50:14|     |: collapseRootBlock=1
22:50:14|     |: lowerCaseBlockNameCapitalButton=1
22:50:14|     |: XML data successfully converted for 2.7ms
22:50:14|     |: srcData=E:/prj/maze/tools/mzdata-converter/bin/BloomUpscale00.mzshader
22:50:14|     |: XML Data
22:50:14|     |: collapseRootBlock=1
22:50:14|     |: lowerCaseBlockNameCapitalButton=1
22:50:14|     |: XML data successfully converted for 2.1ms
22:50:14|     |: srcData=E:/prj/maze/tools/mzdata-converter/bin/DepthBuffer00.mzshader
22:50:14|     |: XML Data
22:50:14|     |: collapseRootBlock=1
22:50:14|     |: lowerCaseBlockNameCapitalButton=1
22:50:14|     |: XML data successfully converted for 2.0ms
22:50:14|     |: srcData=E:/prj/maze/tools/mzdata-converter/bin/Dissolve00.mzshader
22:50:14|     |: XML Data
22:50:14|     |: collapseRootBlock=1
22:50:14|     |: lowerCaseBlockNameCapitalButton=1
22:50:14|     |: XML data successfully converted for 1.9ms
22:50:14|     |: srcData=E:/prj/maze/tools/mzdata-converter/bin/Fresnel00.mzshader
22:50:14|     |: XML Data
22:50:14|     |: collapseRootBlock=1
22:50:14|     |: lowerCaseBlockNameCapitalButton=1
22:50:14|     |: XML data successfully converted for 2.1ms
